# JRE version: Java(TM) SE Runtime Environment (8.0_73-b02) (build 1.8.0_73-b02)
# Java VM: Java HotSpot(TM) Server VM (25.73-b02 mixed mode linux-x86 )
Heap:
 PSYoungGen      total 237056K, used 65870K [0x91ac0000, 0xa1200000, 0xa7000000)
  eden space 228352K, 25% used [0x91ac0000,0x952a8cc0,0x9f9c0000)
  from space 8704K, 99% used [0xa0980000,0xa11eadc0,0xa1200000)
  to   space 11520K, 0% used [0x9fb80000,0x9fb80000,0xa06c0000)
 ParOldGen       total 52480K, used 27547K [0x67000000, 0x6a340000, 0x91ac0000)
  object space 52480K, 52% used [0x67000000,0x68ae6cc8,0x6a340000)
 Metaspace       used 20370K, capacity 21187K, committed 21248K, reserved 21808K
GC Heap History (10 events):
Event: 10.609 GC heap before
{Heap before GC invocations=9 (full 1):
 PSYoungGen      total 77824K, used 70066K [0x91ac0000, 0x999c0000, 0xa7000000)
  eden space 66560K, 99% used [0x91ac0000,0x95bad9a0,0x95bc0000)
  from space 11264K, 31% used [0x95bc0000,0x95f3f158,0x966c0000)
  to   space 11264K, 0% used [0x98ec0000,0x98ec0000,0x999c0000)
 ParOldGen       total 52480K, used 20603K [0x67000000, 0x6a340000, 0x91ac0000)
  object space 52480K, 39% used [0x67000000,0x6841ec98,0x6a340000)
 Metaspace       used 18600K, capacity 19304K, committed 19328K, reserved 19760K
Event: 10.613 GC heap after
Heap after GC invocations=9 (full 1):
 PSYoungGen      total 118528K, used 2162K [0x91ac0000, 0x9a840000, 0xa7000000)
  eden space 107264K, 0% used [0x91ac0000,0x91ac0000,0x98380000)
  from space 11264K, 19% used [0x98ec0000,0x990dcb30,0x999c0000)
  to   space 11520K, 0% used [0x98380000,0x98380000,0x98ec0000)
 ParOldGen       total 52480K, used 20607K [0x67000000, 0x6a340000, 0x91ac0000)
  object space 52480K, 39% used [0x67000000,0x6841fc98,0x6a340000)
 Metaspace       used 18600K, capacity 19304K, committed 19328K, reserved 19760K
}
Event: 10.639 GC heap before
{Heap before GC invocations=10 (full 1):
 PSYoungGen      total 118528K, used 109401K [0x91ac0000, 0x9a840000, 0xa7000000)
  eden space 107264K, 99% used [0x91ac0000,0x983798f0,0x98380000)
  from space 11264K, 19% used [0x98ec0000,0x990dcb30,0x999c0000)
  to   space 11520K, 0% used [0x98380000,0x98380000,0x98ec0000)
 ParOldGen       total 52480K, used 20607K [0x67000000, 0x6a340000, 0x91ac0000)
  object space 52480K, 39% used [0x67000000,0x6841fc98,0x6a340000)
 Metaspace       used 18601K, capacity 19304K, committed 19328K, reserved 19760K
Event: 10.641 GC heap after
Heap after GC invocations=10 (full 1):
 PSYoungGen      total 118784K, used 2256K [0x91ac0000, 0x9cfc0000, 0xa7000000)
  eden space 107264K, 0% used [0x91ac0000,0x91ac0000,0x98380000)
  from space 11520K, 19% used [0x98380000,0x985b4300,0x98ec0000)
  to   space 11520K, 0% used [0x9c480000,0x9c480000,0x9cfc0000)
 ParOldGen       total 52480K, used 20607K [0x67000000, 0x6a340000, 0x91ac0000)
  object space 52480K, 39% used [0x67000000,0x6841fc98,0x6a340000)
 Metaspace       used 18601K, capacity 19304K, committed 19328K, reserved 19760K
}
Event: 28.843 GC heap before
{Heap before GC invocations=11 (full 1):
 PSYoungGen      total 118784K, used 109520K [0x91ac0000, 0x9cfc0000, 0xa7000000)
  eden space 107264K, 100% used [0x91ac0000,0x98380000,0x98380000)
  from space 11520K, 19% used [0x98380000,0x985b4300,0x98ec0000)
  to   space 11520K, 0% used [0x9c480000,0x9c480000,0x9cfc0000)
 ParOldGen       total 52480K, used 20607K [0x67000000, 0x6a340000, 0x91ac0000)
  object space 52480K, 39% used [0x67000000,0x6841fc98,0x6a340000)
 Metaspace       used 19462K, capacity 20236K, committed 20352K, reserved 20784K
Event: 28.850 GC heap after
Heap after GC invocations=11 (full 1):
 PSYoungGen      total 168704K, used 4371K [0x91ac0000, 0x9cd00000, 0xa7000000)
  eden space 160000K, 0% used [0x91ac0000,0x91ac0000,0x9b700000)
  from space 8704K, 50% used [0x9c480000,0x9c8c4f48,0x9cd00000)
  to   space 11264K, 0% used [0x9b700000,0x9b700000,0x9c200000)
 ParOldGen       total 52480K, used 22539K [0x67000000, 0x6a340000, 0x91ac0000)
  object space 52480K, 42% used [0x67000000,0x68602c78,0x6a340000)
 Metaspace       used 19462K, capacity 20236K, committed 20352K, reserved 20784K
}
Event: 114.718 GC heap before
{Heap before GC invocations=12 (full 1):
 PSYoungGen      total 168704K, used 164371K [0x91ac0000, 0x9cd00000, 0xa7000000)
  eden space 160000K, 100% used [0x91ac0000,0x9b700000,0x9b700000)
  from space 8704K, 50% used [0x9c480000,0x9c8c4f48,0x9cd00000)
  to   space 11264K, 0% used [0x9b700000,0x9b700000,0x9c200000)
 ParOldGen       total 52480K, used 22539K [0x67000000, 0x6a340000, 0x91ac0000)
  object space 52480K, 42% used [0x67000000,0x68602c78,0x6a340000)
 Metaspace       used 19998K, capacity 20758K, committed 20864K, reserved 21808K
Event: 114.726 GC heap after
Heap after GC invocations=12 (full 1):
 PSYoungGen      total 171264K, used 3969K [0x91ac0000, 0xa1400000, 0xa7000000)
  eden space 160000K, 0% used [0x91ac0000,0x91ac0000,0x9b700000)
  from space 11264K, 35% used [0x9b700000,0x9bae07e8,0x9c200000)
  to   space 10752K, 0% used [0xa0980000,0xa0980000,0xa1400000)
 ParOldGen       total 52480K, used 25725K [0x67000000, 0x6a340000, 0x91ac0000)
  object space 52480K, 49% used [0x67000000,0x6891f510,0x6a340000)
 Metaspace       used 19998K, capacity 20758K, committed 20864K, reserved 21808K
}
Event: 191.166 GC heap before
{Heap before GC invocations=13 (full 1):
 PSYoungGen      total 171264K, used 163969K [0x91ac0000, 0xa1400000, 0xa7000000)
  eden space 160000K, 100% used [0x91ac0000,0x9b700000,0x9b700000)
  from space 11264K, 35% used [0x9b700000,0x9bae07e8,0x9c200000)
  to   space 10752K, 0% used [0xa0980000,0xa0980000,0xa1400000)
 ParOldGen       total 52480K, used 25725K [0x67000000, 0x6a340000, 0x91ac0000)
  object space 52480K, 49% used [0x67000000,0x6891f510,0x6a340000)
 Metaspace       used 20257K, capacity 21027K, committed 21120K, reserved 21808K
Event: 191.175 GC heap after
Heap after GC invocations=13 (full 1):
 PSYoungGen      total 237056K, used 8619K [0x91ac0000, 0xa1200000, 0xa7000000)
  eden space 228352K, 0% used [0x91ac0000,0x91ac0000,0x9f9c0000)
  from space 8704K, 99% used [0xa0980000,0xa11eadc0,0xa1200000)
  to   space 11520K, 0% used [0x9fb80000,0x9fb80000,0xa06c0000)
 ParOldGen       total 52480K, used 27547K [0x67000000, 0x6a340000, 0x91ac0000)
  object space 52480K, 52% used [0x67000000,0x68ae6cc8,0x6a340000)
 Metaspace       used 20257K, capacity 21027K, committed 21120K, reserved 21808K
}

