# JRE version: Java(TM) SE Runtime Environment (8.0_73-b02) (build 1.8.0_73-b02)
# Java VM: Java HotSpot(TM) Server VM (25.73-b02 mixed mode linux-x86 )
Heap:
 PSYoungGen      total 14592K, used 2035K [0x91ac0000, 0x93cc0000, 0xa7000000)
  eden space 14336K, 13% used [0x91ac0000,0x91cb0c60,0x928c0000)
  from space 256K, 18% used [0x92900000,0x9290c000,0x92940000)
  to   space 10240K, 0% used [0x932c0000,0x932c0000,0x93cc0000)
 ParOldGen       total 43776K, used 22970K [0x67000000, 0x69ac0000, 0x91ac0000)
  object space 43776K, 52% used [0x67000000,0x6866eaf8,0x69ac0000)
 Metaspace       used 14047K, capacity 14588K, committed 14616K, reserved 14640K
GC Heap History (10 events):
Event: 23.595 GC heap before
{Heap before GC invocations=9 (full 0):
 PSYoungGen      total 26368K, used 17232K [0x91ac0000, 0x93f80000, 0xa7000000)
  eden space 15616K, 100% used [0x91ac0000,0x92a00000,0x92a00000)
  from space 10752K, 15% used [0x93500000,0x93694000,0x93f80000)
  to   space 11008K, 0% used [0x92a00000,0x92a00000,0x934c0000)
 ParOldGen       total 43776K, used 18972K [0x67000000, 0x69ac0000, 0x91ac0000)
  object space 43776K, 43% used [0x67000000,0x682872c8,0x69ac0000)
 Metaspace       used 13971K, capacity 14512K, committed 14616K, reserved 14640K
Event: 23.598 GC heap after
Heap after GC invocations=9 (full 0):
 PSYoungGen      total 17408K, used 1888K [0x91ac0000, 0x93ec0000, 0xa7000000)
  eden space 15360K, 0% used [0x91ac0000,0x91ac0000,0x929c0000)
  from space 2048K, 92% used [0x92a00000,0x92bd8000,0x92c00000)
  to   space 10752K, 0% used [0x93440000,0x93440000,0x93ec0000)
 ParOldGen       total 43776K, used 19338K [0x67000000, 0x69ac0000, 0x91ac0000)
  object space 43776K, 44% used [0x67000000,0x682e2af0,0x69ac0000)
 Metaspace       used 13971K, capacity 14512K, committed 14616K, reserved 14640K
}
Event: 26.988 GC heap before
{Heap before GC invocations=10 (full 0):
 PSYoungGen      total 17408K, used 17248K [0x91ac0000, 0x93ec0000, 0xa7000000)
  eden space 15360K, 100% used [0x91ac0000,0x929c0000,0x929c0000)
  from space 2048K, 92% used [0x92a00000,0x92bd8000,0x92c00000)
  to   space 10752K, 0% used [0x93440000,0x93440000,0x93ec0000)
 ParOldGen       total 43776K, used 19338K [0x67000000, 0x69ac0000, 0x91ac0000)
  object space 43776K, 44% used [0x67000000,0x682e2af0,0x69ac0000)
 Metaspace       used 13999K, capacity 14581K, committed 14616K, reserved 14640K
Event: 26.991 GC heap after
Heap after GC invocations=10 (full 0):
 PSYoungGen      total 25600K, used 1836K [0x91ac0000, 0x93e80000, 0xa7000000)
  eden space 15104K, 0% used [0x91ac0000,0x91ac0000,0x92980000)
  from space 10496K, 17% used [0x93440000,0x9360b008,0x93e80000)
  to   space 10752K, 0% used [0x92980000,0x92980000,0x93400000)
 ParOldGen       total 43776K, used 19886K [0x67000000, 0x69ac0000, 0x91ac0000)
  object space 43776K, 45% used [0x67000000,0x6836baf0,0x69ac0000)
 Metaspace       used 13999K, capacity 14581K, committed 14616K, reserved 14640K
}
Event: 30.462 GC heap before
{Heap before GC invocations=11 (full 0):
 PSYoungGen      total 25600K, used 16940K [0x91ac0000, 0x93e80000, 0xa7000000)
  eden space 15104K, 100% used [0x91ac0000,0x92980000,0x92980000)
  from space 10496K, 17% used [0x93440000,0x9360b008,0x93e80000)
  to   space 10752K, 0% used [0x92980000,0x92980000,0x93400000)
 ParOldGen       total 43776K, used 19886K [0x67000000, 0x69ac0000, 0x91ac0000)
  object space 43776K, 45% used [0x67000000,0x6836baf0,0x69ac0000)
 Metaspace       used 14029K, capacity 14586K, committed 14616K, reserved 14640K
Event: 30.465 GC heap after
Heap after GC invocations=11 (full 0):
 PSYoungGen      total 16640K, used 1680K [0x91ac0000, 0x93dc0000, 0xa7000000)
  eden space 14848K, 0% used [0x91ac0000,0x91ac0000,0x92940000)
  from space 1792K, 93% used [0x92980000,0x92b24000,0x92b40000)
  to   space 10496K, 0% used [0x93380000,0x93380000,0x93dc0000)
 ParOldGen       total 43776K, used 21230K [0x67000000, 0x69ac0000, 0x91ac0000)
  object space 43776K, 48% used [0x67000000,0x684bbaf8,0x69ac0000)
 Metaspace       used 14029K, capacity 14586K, committed 14616K, reserved 14640K
}
Event: 36.161 GC heap before
{Heap before GC invocations=12 (full 0):
 PSYoungGen      total 16640K, used 16528K [0x91ac0000, 0x93dc0000, 0xa7000000)
  eden space 14848K, 100% used [0x91ac0000,0x92940000,0x92940000)
  from space 1792K, 93% used [0x92980000,0x92b24000,0x92b40000)
  to   space 10496K, 0% used [0x93380000,0x93380000,0x93dc0000)
 ParOldGen       total 43776K, used 21230K [0x67000000, 0x69ac0000, 0x91ac0000)
  object space 43776K, 48% used [0x67000000,0x684bbaf8,0x69ac0000)
 Metaspace       used 14047K, capacity 14588K, committed 14616K, reserved 14640K
Event: 36.164 GC heap after
Heap after GC invocations=12 (full 0):
 PSYoungGen      total 24832K, used 544K [0x91ac0000, 0x93d80000, 0xa7000000)
  eden space 14592K, 0% used [0x91ac0000,0x91ac0000,0x92900000)
  from space 10240K, 5% used [0x93380000,0x93408000,0x93d80000)
  to   space 10496K, 0% used [0x92900000,0x92900000,0x93340000)
 ParOldGen       total 43776K, used 22538K [0x67000000, 0x69ac0000, 0x91ac0000)
  object space 43776K, 51% used [0x67000000,0x68602af8,0x69ac0000)
 Metaspace       used 14047K, capacity 14588K, committed 14616K, reserved 14640K
}
Event: 49.946 GC heap before
{Heap before GC invocations=13 (full 0):
 PSYoungGen      total 24832K, used 15136K [0x91ac0000, 0x93d80000, 0xa7000000)
  eden space 14592K, 100% used [0x91ac0000,0x92900000,0x92900000)
  from space 10240K, 5% used [0x93380000,0x93408000,0x93d80000)
  to   space 10496K, 0% used [0x92900000,0x92900000,0x93340000)
 ParOldGen       total 43776K, used 22538K [0x67000000, 0x69ac0000, 0x91ac0000)
  object space 43776K, 51% used [0x67000000,0x68602af8,0x69ac0000)
 Metaspace       used 14047K, capacity 14588K, committed 14616K, reserved 14640K
Event: 49.947 GC heap after
Heap after GC invocations=13 (full 0):
 PSYoungGen      total 14592K, used 48K [0x91ac0000, 0x93cc0000, 0xa7000000)
  eden space 14336K, 0% used [0x91ac0000,0x91ac0000,0x928c0000)
  from space 256K, 18% used [0x92900000,0x9290c000,0x92940000)
  to   space 10240K, 0% used [0x932c0000,0x932c0000,0x93cc0000)
 ParOldGen       total 43776K, used 22970K [0x67000000, 0x69ac0000, 0x91ac0000)
  object space 43776K, 52% used [0x67000000,0x6866eaf8,0x69ac0000)
 Metaspace       used 14047K, capacity 14588K, committed 14616K, reserved 14640K
}

