# JRE version: Java(TM) SE Runtime Environment (8.0_73-b02) (build 1.8.0_73-b02)
# Java VM: Java HotSpot(TM) Server VM (25.73-b02 mixed mode linux-x86 )
Heap:
 PSYoungGen      total 14592K, used 13942K [0x91ac0000, 0x93ec0000, 0xa7000000)
  eden space 14336K, 96% used [0x91ac0000,0x92851a08,0x928c0000)
  from space 256K, 18% used [0x92900000,0x9290c000,0x92940000)
  to   space 11264K, 0% used [0x933c0000,0x933c0000,0x93ec0000)
 ParOldGen       total 43776K, used 24576K [0x67000000, 0x69ac0000, 0x91ac0000)
  object space 43776K, 56% used [0x67000000,0x688001c8,0x69ac0000)
 Metaspace       used 11616K, capacity 12112K, committed 12184K, reserved 12592K
GC Heap History (10 events):
Event: 211.654 GC heap before
{Heap before GC invocations=9 (full 0):
 PSYoungGen      total 26368K, used 21864K [0x91ac0000, 0x94000000, 0xa7000000)
  eden space 15616K, 100% used [0x91ac0000,0x92a00000,0x92a00000)
  from space 10752K, 58% used [0x93580000,0x93b9a0c0,0x94000000)
  to   space 11264K, 0% used [0x92a00000,0x92a00000,0x93500000)
 ParOldGen       total 43776K, used 15455K [0x67000000, 0x69ac0000, 0x91ac0000)
  object space 43776K, 35% used [0x67000000,0x67f17f30,0x69ac0000)
 Metaspace       used 11498K, capacity 12001K, committed 12056K, reserved 12592K
Event: 211.660 GC heap after
Heap after GC invocations=9 (full 0):
 PSYoungGen      total 18688K, used 3204K [0x91ac0000, 0x93f40000, 0xa7000000)
  eden space 15360K, 0% used [0x91ac0000,0x91ac0000,0x929c0000)
  from space 3328K, 96% used [0x92a00000,0x92d21060,0x92d40000)
  to   space 11008K, 0% used [0x93480000,0x93480000,0x93f40000)
 ParOldGen       total 43776K, used 18551K [0x67000000, 0x69ac0000, 0x91ac0000)
  object space 43776K, 42% used [0x67000000,0x6821df90,0x69ac0000)
 Metaspace       used 11498K, capacity 12001K, committed 12056K, reserved 12592K
}
Event: 218.127 GC heap before
{Heap before GC invocations=10 (full 0):
 PSYoungGen      total 18688K, used 18564K [0x91ac0000, 0x93f40000, 0xa7000000)
  eden space 15360K, 100% used [0x91ac0000,0x929c0000,0x929c0000)
  from space 3328K, 96% used [0x92a00000,0x92d21060,0x92d40000)
  to   space 11008K, 0% used [0x93480000,0x93480000,0x93f40000)
 ParOldGen       total 43776K, used 18551K [0x67000000, 0x69ac0000, 0x91ac0000)
  object space 43776K, 42% used [0x67000000,0x6821df90,0x69ac0000)
 Metaspace       used 11528K, capacity 12033K, committed 12056K, reserved 12592K
Event: 218.130 GC heap after
Heap after GC invocations=10 (full 0):
 PSYoungGen      total 25344K, used 3140K [0x91ac0000, 0x93e80000, 0xa7000000)
  eden space 15104K, 0% used [0x91ac0000,0x91ac0000,0x92980000)
  from space 10240K, 30% used [0x93480000,0x93791060,0x93e80000)
  to   space 10752K, 0% used [0x92980000,0x92980000,0x93400000)
 ParOldGen       total 43776K, used 21447K [0x67000000, 0x69ac0000, 0x91ac0000)
  object space 43776K, 48% used [0x67000000,0x684f1d58,0x69ac0000)
 Metaspace       used 11528K, capacity 12033K, committed 12056K, reserved 12592K
}
Event: 229.225 GC heap before
{Heap before GC invocations=11 (full 0):
 PSYoungGen      total 25344K, used 18244K [0x91ac0000, 0x93e80000, 0xa7000000)
  eden space 15104K, 100% used [0x91ac0000,0x92980000,0x92980000)
  from space 10240K, 30% used [0x93480000,0x93791060,0x93e80000)
  to   space 10752K, 0% used [0x92980000,0x92980000,0x93400000)
 ParOldGen       total 43776K, used 21447K [0x67000000, 0x69ac0000, 0x91ac0000)
  object space 43776K, 48% used [0x67000000,0x684f1d58,0x69ac0000)
 Metaspace       used 11542K, capacity 12033K, committed 12056K, reserved 12592K
Event: 229.227 GC heap after
Heap after GC invocations=11 (full 0):
 PSYoungGen      total 25600K, used 48K [0x91ac0000, 0x93f40000, 0xa7000000)
  eden space 14848K, 0% used [0x91ac0000,0x91ac0000,0x92940000)
  from space 10752K, 0% used [0x92980000,0x9298c000,0x93400000)
  to   space 11264K, 0% used [0x93440000,0x93440000,0x93f40000)
 ParOldGen       total 43776K, used 24543K [0x67000000, 0x69ac0000, 0x91ac0000)
  object space 43776K, 56% used [0x67000000,0x687f7db8,0x69ac0000)
 Metaspace       used 11542K, capacity 12033K, committed 12056K, reserved 12592K
}
Event: 253.297 GC heap before
{Heap before GC invocations=12 (full 0):
 PSYoungGen      total 25600K, used 14896K [0x91ac0000, 0x93f40000, 0xa7000000)
  eden space 14848K, 100% used [0x91ac0000,0x92940000,0x92940000)
  from space 10752K, 0% used [0x92980000,0x9298c000,0x93400000)
  to   space 11264K, 0% used [0x93440000,0x93440000,0x93f40000)
 ParOldGen       total 43776K, used 24543K [0x67000000, 0x69ac0000, 0x91ac0000)
  object space 43776K, 56% used [0x67000000,0x687f7db8,0x69ac0000)
 Metaspace       used 11566K, capacity 12065K, committed 12184K, reserved 12592K
Event: 253.298 GC heap after
Heap after GC invocations=12 (full 0):
 PSYoungGen      total 25600K, used 73K [0x91ac0000, 0x93f00000, 0xa7000000)
  eden space 14592K, 0% used [0x91ac0000,0x91ac0000,0x92900000)
  from space 11008K, 0% used [0x93440000,0x93452720,0x93f00000)
  to   space 11264K, 0% used [0x92900000,0x92900000,0x93400000)
 ParOldGen       total 43776K, used 24547K [0x67000000, 0x69ac0000, 0x91ac0000)
  object space 43776K, 56% used [0x67000000,0x687f8db8,0x69ac0000)
 Metaspace       used 11566K, capacity 12065K, committed 12184K, reserved 12592K
}
Event: 266.443 GC heap before
{Heap before GC invocations=13 (full 0):
 PSYoungGen      total 25600K, used 14665K [0x91ac0000, 0x93f00000, 0xa7000000)
  eden space 14592K, 100% used [0x91ac0000,0x92900000,0x92900000)
  from space 11008K, 0% used [0x93440000,0x93452720,0x93f00000)
  to   space 11264K, 0% used [0x92900000,0x92900000,0x93400000)
 ParOldGen       total 43776K, used 24547K [0x67000000, 0x69ac0000, 0x91ac0000)
  object space 43776K, 56% used [0x67000000,0x687f8db8,0x69ac0000)
 Metaspace       used 11572K, capacity 12065K, committed 12184K, reserved 12592K
Event: 266.444 GC heap after
Heap after GC invocations=13 (full 0):
 PSYoungGen      total 14592K, used 48K [0x91ac0000, 0x93ec0000, 0xa7000000)
  eden space 14336K, 0% used [0x91ac0000,0x91ac0000,0x928c0000)
  from space 256K, 18% used [0x92900000,0x9290c000,0x92940000)
  to   space 11264K, 0% used [0x933c0000,0x933c0000,0x93ec0000)
 ParOldGen       total 43776K, used 24576K [0x67000000, 0x69ac0000, 0x91ac0000)
  object space 43776K, 56% used [0x67000000,0x688001c8,0x69ac0000)
 Metaspace       used 11572K, capacity 12065K, committed 12184K, reserved 12592K
}

