# JRE version: Java(TM) SE Runtime Environment (8.0_73-b02) (build 1.8.0_73-b02)
# Java VM: Java HotSpot(TM) Server VM (25.73-b02 mixed mode linux-x86 )
Heap:
 PSYoungGen      total 24320K, used 2907K [0x91ac0000, 0x93d00000, 0xa7000000)
  eden space 14592K, 9% used [0x91ac0000,0x91c1ac80,0x92900000)
  from space 9728K, 15% used [0x93380000,0x934fc000,0x93d00000)
  to   space 10240K, 0% used [0x92900000,0x92900000,0x93300000)
 ParOldGen       total 43776K, used 24260K [0x67000000, 0x69ac0000, 0x91ac0000)
  object space 43776K, 55% used [0x67000000,0x687b1038,0x69ac0000)
 Metaspace       used 14003K, capacity 14575K, committed 14616K, reserved 14640K
GC Heap History (10 events):
Event: 26.917 GC heap before
{Heap before GC invocations=8 (full 0):
 PSYoungGen      total 18944K, used 18854K [0x91ac0000, 0x93fc0000, 0xa7000000)
  eden space 15872K, 100% used [0x91ac0000,0x92a40000,0x92a40000)
  from space 3072K, 97% used [0x92a80000,0x92d69888,0x92d80000)
  to   space 11008K, 0% used [0x93500000,0x93500000,0x93fc0000)
 ParOldGen       total 43776K, used 19082K [0x67000000, 0x69ac0000, 0x91ac0000)
  object space 43776K, 43% used [0x67000000,0x682a2ba0,0x69ac0000)
 Metaspace       used 13797K, capacity 14336K, committed 14360K, reserved 14640K
Event: 26.920 GC heap after
Heap after GC invocations=8 (full 0):
 PSYoungGen      total 26368K, used 1724K [0x91ac0000, 0x93f80000, 0xa7000000)
  eden space 15616K, 0% used [0x91ac0000,0x91ac0000,0x92a00000)
  from space 10752K, 16% used [0x93500000,0x936af008,0x93f80000)
  to   space 11008K, 0% used [0x92a00000,0x92a00000,0x934c0000)
 ParOldGen       total 43776K, used 20343K [0x67000000, 0x69ac0000, 0x91ac0000)
  object space 43776K, 46% used [0x67000000,0x683ddd68,0x69ac0000)
 Metaspace       used 13797K, capacity 14336K, committed 14360K, reserved 14640K
}
Event: 35.013 GC heap before
{Heap before GC invocations=9 (full 0):
 PSYoungGen      total 26368K, used 17340K [0x91ac0000, 0x93f80000, 0xa7000000)
  eden space 15616K, 100% used [0x91ac0000,0x92a00000,0x92a00000)
  from space 10752K, 16% used [0x93500000,0x936af008,0x93f80000)
  to   space 11008K, 0% used [0x92a00000,0x92a00000,0x934c0000)
 ParOldGen       total 43776K, used 20343K [0x67000000, 0x69ac0000, 0x91ac0000)
  object space 43776K, 46% used [0x67000000,0x683ddd68,0x69ac0000)
 Metaspace       used 13872K, capacity 14437K, committed 14488K, reserved 14640K
Event: 35.018 GC heap after
Heap after GC invocations=9 (full 0):
 PSYoungGen      total 17664K, used 2282K [0x91ac0000, 0x93ec0000, 0xa7000000)
  eden space 15360K, 0% used [0x91ac0000,0x91ac0000,0x929c0000)
  from space 2304K, 99% used [0x92a00000,0x92c3a808,0x92c40000)
  to   space 10752K, 0% used [0x93440000,0x93440000,0x93ec0000)
 ParOldGen       total 43776K, used 20622K [0x67000000, 0x69ac0000, 0x91ac0000)
  object space 43776K, 47% used [0x67000000,0x68423840,0x69ac0000)
 Metaspace       used 13872K, capacity 14437K, committed 14488K, reserved 14640K
}
Event: 40.803 GC heap before
{Heap before GC invocations=10 (full 0):
 PSYoungGen      total 17664K, used 17642K [0x91ac0000, 0x93ec0000, 0xa7000000)
  eden space 15360K, 100% used [0x91ac0000,0x929c0000,0x929c0000)
  from space 2304K, 99% used [0x92a00000,0x92c3a808,0x92c40000)
  to   space 10752K, 0% used [0x93440000,0x93440000,0x93ec0000)
 ParOldGen       total 43776K, used 20622K [0x67000000, 0x69ac0000, 0x91ac0000)
  object space 43776K, 47% used [0x67000000,0x68423840,0x69ac0000)
 Metaspace       used 13945K, capacity 14503K, committed 14616K, reserved 14640K
Event: 40.806 GC heap after
Heap after GC invocations=10 (full 0):
 PSYoungGen      total 25088K, used 2421K [0x91ac0000, 0x93e00000, 0xa7000000)
  eden space 15104K, 0% used [0x91ac0000,0x91ac0000,0x92980000)
  from space 9984K, 24% used [0x93440000,0x9369d7f8,0x93e00000)
  to   space 10496K, 0% used [0x92980000,0x92980000,0x933c0000)
 ParOldGen       total 43776K, used 21434K [0x67000000, 0x69ac0000, 0x91ac0000)
  object space 43776K, 48% used [0x67000000,0x684ee840,0x69ac0000)
 Metaspace       used 13945K, capacity 14503K, committed 14616K, reserved 14640K
}
Event: 51.074 GC heap before
{Heap before GC invocations=11 (full 0):
 PSYoungGen      total 25088K, used 17525K [0x91ac0000, 0x93e00000, 0xa7000000)
  eden space 15104K, 100% used [0x91ac0000,0x92980000,0x92980000)
  from space 9984K, 24% used [0x93440000,0x9369d7f8,0x93e00000)
  to   space 10496K, 0% used [0x92980000,0x92980000,0x933c0000)
 ParOldGen       total 43776K, used 21434K [0x67000000, 0x69ac0000, 0x91ac0000)
  object space 43776K, 48% used [0x67000000,0x684ee840,0x69ac0000)
 Metaspace       used 13967K, capacity 14506K, committed 14616K, reserved 14640K
Event: 51.076 GC heap after
Heap after GC invocations=11 (full 0):
 PSYoungGen      total 16128K, used 1216K [0x91ac0000, 0x93dc0000, 0xa7000000)
  eden space 14848K, 0% used [0x91ac0000,0x91ac0000,0x92940000)
  from space 1280K, 95% used [0x92980000,0x92ab0000,0x92ac0000)
  to   space 10496K, 0% used [0x93380000,0x93380000,0x93dc0000)
 ParOldGen       total 43776K, used 23448K [0x67000000, 0x69ac0000, 0x91ac0000)
  object space 43776K, 53% used [0x67000000,0x686e6038,0x69ac0000)
 Metaspace       used 13967K, capacity 14506K, committed 14616K, reserved 14640K
}
Event: 57.388 GC heap before
{Heap before GC invocations=12 (full 0):
 PSYoungGen      total 16128K, used 16064K [0x91ac0000, 0x93dc0000, 0xa7000000)
  eden space 14848K, 100% used [0x91ac0000,0x92940000,0x92940000)
  from space 1280K, 95% used [0x92980000,0x92ab0000,0x92ac0000)
  to   space 10496K, 0% used [0x93380000,0x93380000,0x93dc0000)
 ParOldGen       total 43776K, used 23448K [0x67000000, 0x69ac0000, 0x91ac0000)
  object space 43776K, 53% used [0x67000000,0x686e6038,0x69ac0000)
 Metaspace       used 14003K, capacity 14575K, committed 14616K, reserved 14640K
Event: 57.392 GC heap after
Heap after GC invocations=12 (full 0):
 PSYoungGen      total 24320K, used 1520K [0x91ac0000, 0x93d00000, 0xa7000000)
  eden space 14592K, 0% used [0x91ac0000,0x91ac0000,0x92900000)
  from space 9728K, 15% used [0x93380000,0x934fc000,0x93d00000)
  to   space 10240K, 0% used [0x92900000,0x92900000,0x93300000)
 ParOldGen       total 43776K, used 24260K [0x67000000, 0x69ac0000, 0x91ac0000)
  object space 43776K, 55% used [0x67000000,0x687b1038,0x69ac0000)
 Metaspace       used 14003K, capacity 14575K, committed 14616K, reserved 14640K
}

