# JRE version: Java(TM) SE Runtime Environment (8.0_73-b02) (build 1.8.0_73-b02)
# Java VM: Java HotSpot(TM) Server VM (25.73-b02 mixed mode linux-x86 )
Heap:
 PSYoungGen      total 16384K, used 4054K [0x91ac0000, 0x93fc0000, 0xa7000000)
  eden space 15360K, 21% used [0x91ac0000,0x91debb00,0x929c0000)
  from space 1024K, 78% used [0x92a00000,0x92aca008,0x92b00000)
  to   space 11264K, 0% used [0x934c0000,0x934c0000,0x93fc0000)
 ParOldGen       total 43776K, used 19510K [0x67000000, 0x69ac0000, 0x91ac0000)
  object space 43776K, 44% used [0x67000000,0x6830d830,0x69ac0000)
 Metaspace       used 12228K, capacity 12755K, committed 12824K, reserved 13616K
GC Heap History (10 events):
Event: 14.021 GC heap before
{Heap before GC invocations=5 (full 0):
 PSYoungGen      total 19200K, used 19185K [0x91ac0000, 0x93000000, 0xa7000000)
  eden space 16640K, 100% used [0x91ac0000,0x92b00000,0x92b00000)
  from space 2560K, 99% used [0x92d80000,0x92ffc570,0x93000000)
  to   space 2560K, 0% used [0x92b00000,0x92b00000,0x92d80000)
 ParOldGen       total 43776K, used 15429K [0x67000000, 0x69ac0000, 0x91ac0000)
  object space 43776K, 35% used [0x67000000,0x67f115c8,0x69ac0000)
 Metaspace       used 12197K, capacity 12691K, committed 12824K, reserved 13616K
Event: 14.029 GC heap after
Heap after GC invocations=5 (full 0):
 PSYoungGen      total 18944K, used 2549K [0x91ac0000, 0x940c0000, 0xa7000000)
  eden space 16384K, 0% used [0x91ac0000,0x91ac0000,0x92ac0000)
  from space 2560K, 99% used [0x92b00000,0x92d7d700,0x92d80000)
  to   space 11264K, 0% used [0x935c0000,0x935c0000,0x940c0000)
 ParOldGen       total 43776K, used 17049K [0x67000000, 0x69ac0000, 0x91ac0000)
  object space 43776K, 38% used [0x67000000,0x680a6438,0x69ac0000)
 Metaspace       used 12197K, capacity 12691K, committed 12824K, reserved 13616K
}
Event: 18.578 GC heap before
{Heap before GC invocations=6 (full 0):
 PSYoungGen      total 18944K, used 18933K [0x91ac0000, 0x940c0000, 0xa7000000)
  eden space 16384K, 100% used [0x91ac0000,0x92ac0000,0x92ac0000)
  from space 2560K, 99% used [0x92b00000,0x92d7d700,0x92d80000)
  to   space 11264K, 0% used [0x935c0000,0x935c0000,0x940c0000)
 ParOldGen       total 43776K, used 17049K [0x67000000, 0x69ac0000, 0x91ac0000)
  object space 43776K, 38% used [0x67000000,0x680a6438,0x69ac0000)
 Metaspace       used 12205K, capacity 12755K, committed 12824K, reserved 13616K
Event: 18.589 GC heap after
Heap after GC invocations=6 (full 0):
 PSYoungGen      total 26624K, used 4289K [0x91ac0000, 0x94000000, 0xa7000000)
  eden space 16128K, 0% used [0x91ac0000,0x91ac0000,0x92a80000)
  from space 10496K, 40% used [0x935c0000,0x939f0708,0x94000000)
  to   space 11008K, 0% used [0x92a80000,0x92a80000,0x93540000)
 ParOldGen       total 43776K, used 17049K [0x67000000, 0x69ac0000, 0x91ac0000)
  object space 43776K, 38% used [0x67000000,0x680a6438,0x69ac0000)
 Metaspace       used 12205K, capacity 12755K, committed 12824K, reserved 13616K
}
Event: 24.371 GC heap before
{Heap before GC invocations=7 (full 0):
 PSYoungGen      total 26624K, used 20417K [0x91ac0000, 0x94000000, 0xa7000000)
  eden space 16128K, 100% used [0x91ac0000,0x92a80000,0x92a80000)
  from space 10496K, 40% used [0x935c0000,0x939f0708,0x94000000)
  to   space 11008K, 0% used [0x92a80000,0x92a80000,0x93540000)
 ParOldGen       total 43776K, used 17049K [0x67000000, 0x69ac0000, 0x91ac0000)
  object space 43776K, 38% used [0x67000000,0x680a6438,0x69ac0000)
 Metaspace       used 12212K, capacity 12755K, committed 12824K, reserved 13616K
Event: 24.380 GC heap after
Heap after GC invocations=7 (full 0):
 PSYoungGen      total 17920K, used 1852K [0x91ac0000, 0x93fc0000, 0xa7000000)
  eden space 15872K, 0% used [0x91ac0000,0x91ac0000,0x92a40000)
  from space 2048K, 90% used [0x92a80000,0x92c4f098,0x92c80000)
  to   space 11008K, 0% used [0x93500000,0x93500000,0x93fc0000)
 ParOldGen       total 43776K, used 17974K [0x67000000, 0x69ac0000, 0x91ac0000)
  object space 43776K, 41% used [0x67000000,0x6818db68,0x69ac0000)
 Metaspace       used 12212K, capacity 12755K, committed 12824K, reserved 13616K
}
Event: 31.947 GC heap before
{Heap before GC invocations=8 (full 0):
 PSYoungGen      total 17920K, used 17724K [0x91ac0000, 0x93fc0000, 0xa7000000)
  eden space 15872K, 100% used [0x91ac0000,0x92a40000,0x92a40000)
  from space 2048K, 90% used [0x92a80000,0x92c4f098,0x92c80000)
  to   space 11008K, 0% used [0x93500000,0x93500000,0x93fc0000)
 ParOldGen       total 43776K, used 17974K [0x67000000, 0x69ac0000, 0x91ac0000)
  object space 43776K, 41% used [0x67000000,0x6818db68,0x69ac0000)
 Metaspace       used 12219K, capacity 12755K, committed 12824K, reserved 13616K
Event: 31.951 GC heap after
Heap after GC invocations=8 (full 0):
 PSYoungGen      total 26624K, used 648K [0x91ac0000, 0x94000000, 0xa7000000)
  eden space 15616K, 0% used [0x91ac0000,0x91ac0000,0x92a00000)
  from space 11008K, 5% used [0x93500000,0x935a2008,0x93fc0000)
  to   space 11264K, 0% used [0x92a00000,0x92a00000,0x93500000)
 ParOldGen       total 43776K, used 19314K [0x67000000, 0x69ac0000, 0x91ac0000)
  object space 43776K, 44% used [0x67000000,0x682dc830,0x69ac0000)
 Metaspace       used 12219K, capacity 12755K, committed 12824K, reserved 13616K
}
Event: 41.082 GC heap before
{Heap before GC invocations=9 (full 0):
 PSYoungGen      total 26624K, used 16264K [0x91ac0000, 0x94000000, 0xa7000000)
  eden space 15616K, 100% used [0x91ac0000,0x92a00000,0x92a00000)
  from space 11008K, 5% used [0x93500000,0x935a2008,0x93fc0000)
  to   space 11264K, 0% used [0x92a00000,0x92a00000,0x93500000)
 ParOldGen       total 43776K, used 19314K [0x67000000, 0x69ac0000, 0x91ac0000)
  object space 43776K, 44% used [0x67000000,0x682dc830,0x69ac0000)
 Metaspace       used 12228K, capacity 12755K, committed 12824K, reserved 13616K
Event: 41.084 GC heap after
Heap after GC invocations=9 (full 0):
 PSYoungGen      total 16384K, used 808K [0x91ac0000, 0x93fc0000, 0xa7000000)
  eden space 15360K, 0% used [0x91ac0000,0x91ac0000,0x929c0000)
  from space 1024K, 78% used [0x92a00000,0x92aca008,0x92b00000)
  to   space 11264K, 0% used [0x934c0000,0x934c0000,0x93fc0000)
 ParOldGen       total 43776K, used 19510K [0x67000000, 0x69ac0000, 0x91ac0000)
  object space 43776K, 44% used [0x67000000,0x6830d830,0x69ac0000)
 Metaspace       used 12228K, capacity 12755K, committed 12824K, reserved 13616K
}

