# JRE version: Java(TM) SE Runtime Environment (8.0_73-b02) (build 1.8.0_73-b02)
# Java VM: Java HotSpot(TM) Server VM (25.73-b02 mixed mode linux-x86 )
Heap:
 PSYoungGen      total 35840K, used 18189K [0x91ac0000, 0x94040000, 0xa7000000)
  eden space 33280K, 46% used [0x91ac0000,0x92a046a8,0x93b40000)
  from space 2560K, 99% used [0x93dc0000,0x9403f0a0,0x94040000)
  to   space 2560K, 0% used [0x93b40000,0x93b40000,0x93dc0000)
 ParOldGen       total 43776K, used 13286K [0x67000000, 0x69ac0000, 0x91ac0000)
  object space 43776K, 30% used [0x67000000,0x67cf9a18,0x69ac0000)
 Metaspace       used 12482K, capacity 12992K, committed 13080K, reserved 13616K
GC Heap History (10 events):
Event: 0.361 GC heap before
{Heap before GC invocations=1 (full 0):
 PSYoungGen      total 19200K, used 9238K [0x91ac0000, 0x93000000, 0xa7000000)
  eden space 16640K, 55% used [0x91ac0000,0x923c5ba0,0x92b00000)
  from space 2560K, 0% used [0x92d80000,0x92d80000,0x93000000)
  to   space 2560K, 0% used [0x92b00000,0x92b00000,0x92d80000)
 ParOldGen       total 43776K, used 0K [0x67000000, 0x69ac0000, 0x91ac0000)
  object space 43776K, 0% used [0x67000000,0x67000000,0x69ac0000)
 Metaspace       used 5292K, capacity 5579K, committed 5656K, reserved 6448K
Event: 0.365 GC heap after
Heap after GC invocations=1 (full 0):
 PSYoungGen      total 19200K, used 1643K [0x91ac0000, 0x93000000, 0xa7000000)
  eden space 16640K, 0% used [0x91ac0000,0x91ac0000,0x92b00000)
  from space 2560K, 64% used [0x92b00000,0x92c9ac20,0x92d80000)
  to   space 2560K, 0% used [0x92d80000,0x92d80000,0x93000000)
 ParOldGen       total 43776K, used 8K [0x67000000, 0x69ac0000, 0x91ac0000)
  object space 43776K, 0% used [0x67000000,0x67002000,0x69ac0000)
 Metaspace       used 5292K, capacity 5579K, committed 5656K, reserved 6448K
}
Event: 0.365 GC heap before
{Heap before GC invocations=2 (full 1):
 PSYoungGen      total 19200K, used 1643K [0x91ac0000, 0x93000000, 0xa7000000)
  eden space 16640K, 0% used [0x91ac0000,0x91ac0000,0x92b00000)
  from space 2560K, 64% used [0x92b00000,0x92c9ac20,0x92d80000)
  to   space 2560K, 0% used [0x92d80000,0x92d80000,0x93000000)
 ParOldGen       total 43776K, used 8K [0x67000000, 0x69ac0000, 0x91ac0000)
  object space 43776K, 0% used [0x67000000,0x67002000,0x69ac0000)
 Metaspace       used 5292K, capacity 5579K, committed 5656K, reserved 6448K
Event: 0.374 GC heap after
Heap after GC invocations=2 (full 1):
 PSYoungGen      total 19200K, used 0K [0x91ac0000, 0x93000000, 0xa7000000)
  eden space 16640K, 0% used [0x91ac0000,0x91ac0000,0x92b00000)
  from space 2560K, 0% used [0x92b00000,0x92b00000,0x92d80000)
  to   space 2560K, 0% used [0x92d80000,0x92d80000,0x93000000)
 ParOldGen       total 43776K, used 1591K [0x67000000, 0x69ac0000, 0x91ac0000)
  object space 43776K, 3% used [0x67000000,0x6718dfe0,0x69ac0000)
 Metaspace       used 5292K, capacity 5579K, committed 5656K, reserved 6448K
}
Event: 0.684 GC heap before
{Heap before GC invocations=3 (full 1):
 PSYoungGen      total 19200K, used 16556K [0x91ac0000, 0x93000000, 0xa7000000)
  eden space 16640K, 99% used [0x91ac0000,0x92aeb148,0x92b00000)
  from space 2560K, 0% used [0x92b00000,0x92b00000,0x92d80000)
  to   space 2560K, 0% used [0x92d80000,0x92d80000,0x93000000)
 ParOldGen       total 43776K, used 1591K [0x67000000, 0x69ac0000, 0x91ac0000)
  object space 43776K, 3% used [0x67000000,0x6718dfe0,0x69ac0000)
 Metaspace       used 8569K, capacity 8920K, committed 8984K, reserved 9520K
Event: 0.688 GC heap after
Heap after GC invocations=3 (full 1):
 PSYoungGen      total 19200K, used 2546K [0x91ac0000, 0x93000000, 0xa7000000)
  eden space 16640K, 0% used [0x91ac0000,0x91ac0000,0x92b00000)
  from space 2560K, 99% used [0x92d80000,0x92ffcb80,0x93000000)
  to   space 2560K, 0% used [0x92b00000,0x92b00000,0x92d80000)
 ParOldGen       total 43776K, used 4865K [0x67000000, 0x69ac0000, 0x91ac0000)
  object space 43776K, 11% used [0x67000000,0x674c0690,0x69ac0000)
 Metaspace       used 8569K, capacity 8920K, committed 8984K, reserved 9520K
}
Event: 1.103 GC heap before
{Heap before GC invocations=4 (full 1):
 PSYoungGen      total 19200K, used 19186K [0x91ac0000, 0x93000000, 0xa7000000)
  eden space 16640K, 100% used [0x91ac0000,0x92b00000,0x92b00000)
  from space 2560K, 99% used [0x92d80000,0x92ffcb80,0x93000000)
  to   space 2560K, 0% used [0x92b00000,0x92b00000,0x92d80000)
 ParOldGen       total 43776K, used 4865K [0x67000000, 0x69ac0000, 0x91ac0000)
  object space 43776K, 11% used [0x67000000,0x674c0690,0x69ac0000)
 Metaspace       used 10910K, capacity 11408K, committed 11416K, reserved 11568K
Event: 1.113 GC heap after
Heap after GC invocations=4 (full 1):
 PSYoungGen      total 19200K, used 2551K [0x91ac0000, 0x94040000, 0xa7000000)
  eden space 16640K, 0% used [0x91ac0000,0x91ac0000,0x92b00000)
  from space 2560K, 99% used [0x92b00000,0x92d7df10,0x92d80000)
  to   space 2560K, 0% used [0x93dc0000,0x93dc0000,0x94040000)
 ParOldGen       total 43776K, used 11653K [0x67000000, 0x69ac0000, 0x91ac0000)
  object space 43776K, 26% used [0x67000000,0x67b617e8,0x69ac0000)
 Metaspace       used 10910K, capacity 11408K, committed 11416K, reserved 11568K
}
Event: 10.363 GC heap before
{Heap before GC invocations=5 (full 1):
 PSYoungGen      total 19200K, used 19191K [0x91ac0000, 0x94040000, 0xa7000000)
  eden space 16640K, 100% used [0x91ac0000,0x92b00000,0x92b00000)
  from space 2560K, 99% used [0x92b00000,0x92d7df10,0x92d80000)
  to   space 2560K, 0% used [0x93dc0000,0x93dc0000,0x94040000)
 ParOldGen       total 43776K, used 11653K [0x67000000, 0x69ac0000, 0x91ac0000)
  object space 43776K, 26% used [0x67000000,0x67b617e8,0x69ac0000)
 Metaspace       used 12441K, capacity 12960K, committed 13080K, reserved 13616K
Event: 10.369 GC heap after
Heap after GC invocations=5 (full 1):
 PSYoungGen      total 35840K, used 2556K [0x91ac0000, 0x94040000, 0xa7000000)
  eden space 33280K, 0% used [0x91ac0000,0x91ac0000,0x93b40000)
  from space 2560K, 99% used [0x93dc0000,0x9403f0a0,0x94040000)
  to   space 2560K, 0% used [0x93b40000,0x93b40000,0x93dc0000)
 ParOldGen       total 43776K, used 13286K [0x67000000, 0x69ac0000, 0x91ac0000)
  object space 43776K, 30% used [0x67000000,0x67cf9a18,0x69ac0000)
 Metaspace       used 12441K, capacity 12960K, committed 13080K, reserved 13616K
}

