# JRE version: Java(TM) SE Runtime Environment (8.0_73-b02) (build 1.8.0_73-b02)
# Java VM: Java HotSpot(TM) Server VM (25.73-b02 mixed mode linux-x86 )
Heap:
 PSYoungGen      total 19200K, used 16384K [0x91ac0000, 0x94040000, 0xa7000000)
  eden space 16640K, 83% used [0x91ac0000,0x92842f20,0x92b00000)
  from space 2560K, 99% used [0x93dc0000,0x9403d3d0,0x94040000)
  to   space 2560K, 0% used [0x92b00000,0x92b00000,0x92d80000)
 ParOldGen       total 43776K, used 13274K [0x67000000, 0x69ac0000, 0x91ac0000)
  object space 43776K, 30% used [0x67000000,0x67cf6b78,0x69ac0000)
 Metaspace       used 12476K, capacity 12990K, committed 13080K, reserved 13616K
GC Heap History (10 events):
Event: 0.409 GC heap before
{Heap before GC invocations=1 (full 0):
 PSYoungGen      total 19200K, used 9238K [0x91ac0000, 0x93000000, 0xa7000000)
  eden space 16640K, 55% used [0x91ac0000,0x923c58c0,0x92b00000)
  from space 2560K, 0% used [0x92d80000,0x92d80000,0x93000000)
  to   space 2560K, 0% used [0x92b00000,0x92b00000,0x92d80000)
 ParOldGen       total 43776K, used 0K [0x67000000, 0x69ac0000, 0x91ac0000)
  object space 43776K, 0% used [0x67000000,0x67000000,0x69ac0000)
 Metaspace       used 5292K, capacity 5577K, committed 5656K, reserved 6448K
Event: 0.412 GC heap after
Heap after GC invocations=1 (full 0):
 PSYoungGen      total 19200K, used 1627K [0x91ac0000, 0x93000000, 0xa7000000)
  eden space 16640K, 0% used [0x91ac0000,0x91ac0000,0x92b00000)
  from space 2560K, 63% used [0x92b00000,0x92c96c20,0x92d80000)
  to   space 2560K, 0% used [0x92d80000,0x92d80000,0x93000000)
 ParOldGen       total 43776K, used 8K [0x67000000, 0x69ac0000, 0x91ac0000)
  object space 43776K, 0% used [0x67000000,0x67002000,0x69ac0000)
 Metaspace       used 5292K, capacity 5577K, committed 5656K, reserved 6448K
}
Event: 0.412 GC heap before
{Heap before GC invocations=2 (full 1):
 PSYoungGen      total 19200K, used 1627K [0x91ac0000, 0x93000000, 0xa7000000)
  eden space 16640K, 0% used [0x91ac0000,0x91ac0000,0x92b00000)
  from space 2560K, 63% used [0x92b00000,0x92c96c20,0x92d80000)
  to   space 2560K, 0% used [0x92d80000,0x92d80000,0x93000000)
 ParOldGen       total 43776K, used 8K [0x67000000, 0x69ac0000, 0x91ac0000)
  object space 43776K, 0% used [0x67000000,0x67002000,0x69ac0000)
 Metaspace       used 5292K, capacity 5577K, committed 5656K, reserved 6448K
Event: 0.421 GC heap after
Heap after GC invocations=2 (full 1):
 PSYoungGen      total 19200K, used 0K [0x91ac0000, 0x93000000, 0xa7000000)
  eden space 16640K, 0% used [0x91ac0000,0x91ac0000,0x92b00000)
  from space 2560K, 0% used [0x92b00000,0x92b00000,0x92d80000)
  to   space 2560K, 0% used [0x92d80000,0x92d80000,0x93000000)
 ParOldGen       total 43776K, used 1592K [0x67000000, 0x69ac0000, 0x91ac0000)
  object space 43776K, 3% used [0x67000000,0x6718e248,0x69ac0000)
 Metaspace       used 5292K, capacity 5577K, committed 5656K, reserved 6448K
}
Event: 0.759 GC heap before
{Heap before GC invocations=3 (full 1):
 PSYoungGen      total 19200K, used 16572K [0x91ac0000, 0x93000000, 0xa7000000)
  eden space 16640K, 99% used [0x91ac0000,0x92aef0f0,0x92b00000)
  from space 2560K, 0% used [0x92b00000,0x92b00000,0x92d80000)
  to   space 2560K, 0% used [0x92d80000,0x92d80000,0x93000000)
 ParOldGen       total 43776K, used 1592K [0x67000000, 0x69ac0000, 0x91ac0000)
  object space 43776K, 3% used [0x67000000,0x6718e248,0x69ac0000)
 Metaspace       used 8571K, capacity 8918K, committed 8984K, reserved 9520K
Event: 0.761 GC heap after
Heap after GC invocations=3 (full 1):
 PSYoungGen      total 19200K, used 2558K [0x91ac0000, 0x93000000, 0xa7000000)
  eden space 16640K, 0% used [0x91ac0000,0x91ac0000,0x92b00000)
  from space 2560K, 99% used [0x92d80000,0x92fff9f0,0x93000000)
  to   space 2560K, 0% used [0x92b00000,0x92b00000,0x92d80000)
 ParOldGen       total 43776K, used 4851K [0x67000000, 0x69ac0000, 0x91ac0000)
  object space 43776K, 11% used [0x67000000,0x674bce48,0x69ac0000)
 Metaspace       used 8571K, capacity 8918K, committed 8984K, reserved 9520K
}
Event: 1.141 GC heap before
{Heap before GC invocations=4 (full 1):
 PSYoungGen      total 19200K, used 19198K [0x91ac0000, 0x93000000, 0xa7000000)
  eden space 16640K, 100% used [0x91ac0000,0x92b00000,0x92b00000)
  from space 2560K, 99% used [0x92d80000,0x92fff9f0,0x93000000)
  to   space 2560K, 0% used [0x92b00000,0x92b00000,0x92d80000)
 ParOldGen       total 43776K, used 4851K [0x67000000, 0x69ac0000, 0x91ac0000)
  object space 43776K, 11% used [0x67000000,0x674bce48,0x69ac0000)
 Metaspace       used 10905K, capacity 11406K, committed 11416K, reserved 11568K
Event: 1.147 GC heap after
Heap after GC invocations=4 (full 1):
 PSYoungGen      total 19200K, used 2548K [0x91ac0000, 0x94040000, 0xa7000000)
  eden space 16640K, 0% used [0x91ac0000,0x91ac0000,0x92b00000)
  from space 2560K, 99% used [0x92b00000,0x92d7d3d0,0x92d80000)
  to   space 2560K, 0% used [0x93dc0000,0x93dc0000,0x94040000)
 ParOldGen       total 43776K, used 11649K [0x67000000, 0x69ac0000, 0x91ac0000)
  object space 43776K, 26% used [0x67000000,0x67b607c8,0x69ac0000)
 Metaspace       used 10905K, capacity 11406K, committed 11416K, reserved 11568K
}
Event: 12.264 GC heap before
{Heap before GC invocations=5 (full 1):
 PSYoungGen      total 19200K, used 19188K [0x91ac0000, 0x94040000, 0xa7000000)
  eden space 16640K, 100% used [0x91ac0000,0x92b00000,0x92b00000)
  from space 2560K, 99% used [0x92b00000,0x92d7d3d0,0x92d80000)
  to   space 2560K, 0% used [0x93dc0000,0x93dc0000,0x94040000)
 ParOldGen       total 43776K, used 11649K [0x67000000, 0x69ac0000, 0x91ac0000)
  object space 43776K, 26% used [0x67000000,0x67b607c8,0x69ac0000)
 Metaspace       used 12464K, capacity 12958K, committed 13080K, reserved 13616K
Event: 12.270 GC heap after
Heap after GC invocations=5 (full 1):
 PSYoungGen      total 19200K, used 2548K [0x91ac0000, 0x94040000, 0xa7000000)
  eden space 16640K, 0% used [0x91ac0000,0x91ac0000,0x92b00000)
  from space 2560K, 99% used [0x93dc0000,0x9403d3d0,0x94040000)
  to   space 2560K, 0% used [0x92b00000,0x92b00000,0x92d80000)
 ParOldGen       total 43776K, used 13274K [0x67000000, 0x69ac0000, 0x91ac0000)
  object space 43776K, 30% used [0x67000000,0x67cf6b78,0x69ac0000)
 Metaspace       used 12464K, capacity 12958K, committed 13080K, reserved 13616K
}

