# JRE version: Java(TM) SE Runtime Environment (8.0_73-b02) (build 1.8.0_73-b02)
# Java VM: Java HotSpot(TM) Server VM (25.73-b02 mixed mode linux-x86 )
Heap:
 PSYoungGen      total 27136K, used 17054K [0x91ac0000, 0x94100000, 0xa7000000)
  eden space 16128K, 89% used [0x91ac0000,0x928e1e60,0x92a80000)
  from space 11008K, 23% used [0x93640000,0x938c5a20,0x94100000)
  to   space 11520K, 0% used [0x92a80000,0x92a80000,0x935c0000)
 ParOldGen       total 43776K, used 16148K [0x67000000, 0x69ac0000, 0x91ac0000)
  object space 43776K, 36% used [0x67000000,0x67fc5060,0x69ac0000)
 Metaspace       used 12800K, capacity 13305K, committed 13336K, reserved 13616K
GC Heap History (10 events):
Event: 0.900 GC heap before
{Heap before GC invocations=2 (full 0):
 PSYoungGen      total 19200K, used 19192K [0x91ac0000, 0x93000000, 0xa7000000)
  eden space 16640K, 100% used [0x91ac0000,0x92b00000,0x92b00000)
  from space 2560K, 99% used [0x92b00000,0x92d7e0f0,0x92d80000)
  to   space 2560K, 0% used [0x92d80000,0x92d80000,0x93000000)
 ParOldGen       total 43776K, used 587K [0x67000000, 0x69ac0000, 0x91ac0000)
  object space 43776K, 1% used [0x67000000,0x67092f88,0x69ac0000)
 Metaspace       used 9278K, capacity 9623K, committed 9624K, reserved 10544K
Event: 0.906 GC heap after
Heap after GC invocations=2 (full 0):
 PSYoungGen      total 19200K, used 2559K [0x91ac0000, 0x94040000, 0xa7000000)
  eden space 16640K, 0% used [0x91ac0000,0x91ac0000,0x92b00000)
  from space 2560K, 99% used [0x92d80000,0x92fffd40,0x93000000)
  to   space 2560K, 0% used [0x92b00000,0x92b00000,0x92d80000)
 ParOldGen       total 43776K, used 9775K [0x67000000, 0x69ac0000, 0x91ac0000)
  object space 43776K, 22% used [0x67000000,0x6798be28,0x69ac0000)
 Metaspace       used 9278K, capacity 9623K, committed 9624K, reserved 10544K
}
Event: 3.272 GC heap before
{Heap before GC invocations=3 (full 0):
 PSYoungGen      total 19200K, used 19199K [0x91ac0000, 0x94040000, 0xa7000000)
  eden space 16640K, 100% used [0x91ac0000,0x92b00000,0x92b00000)
  from space 2560K, 99% used [0x92d80000,0x92fffd40,0x93000000)
  to   space 2560K, 0% used [0x92b00000,0x92b00000,0x92d80000)
 ParOldGen       total 43776K, used 9775K [0x67000000, 0x69ac0000, 0x91ac0000)
  object space 43776K, 22% used [0x67000000,0x6798be28,0x69ac0000)
 Metaspace       used 12077K, capacity 12559K, committed 12568K, reserved 12592K
Event: 3.280 GC heap after
Heap after GC invocations=3 (full 0):
 PSYoungGen      total 19200K, used 2550K [0x91ac0000, 0x93000000, 0xa7000000)
  eden space 16640K, 0% used [0x91ac0000,0x91ac0000,0x92b00000)
  from space 2560K, 99% used [0x92b00000,0x92d7d8d8,0x92d80000)
  to   space 2560K, 0% used [0x92d80000,0x92d80000,0x93000000)
 ParOldGen       total 43776K, used 13289K [0x67000000, 0x69ac0000, 0x91ac0000)
  object space 43776K, 30% used [0x67000000,0x67cfa4c0,0x69ac0000)
 Metaspace       used 12077K, capacity 12559K, committed 12568K, reserved 12592K
}
Event: 6.494 GC heap before
{Heap before GC invocations=4 (full 0):
 PSYoungGen      total 19200K, used 19190K [0x91ac0000, 0x93000000, 0xa7000000)
  eden space 16640K, 100% used [0x91ac0000,0x92b00000,0x92b00000)
  from space 2560K, 99% used [0x92b00000,0x92d7d8d8,0x92d80000)
  to   space 2560K, 0% used [0x92d80000,0x92d80000,0x93000000)
 ParOldGen       total 43776K, used 13289K [0x67000000, 0x69ac0000, 0x91ac0000)
  object space 43776K, 30% used [0x67000000,0x67cfa4c0,0x69ac0000)
 Metaspace       used 12797K, capacity 13305K, committed 13336K, reserved 13616K
Event: 6.506 GC heap after
Heap after GC invocations=4 (full 0):
 PSYoungGen      total 19200K, used 2550K [0x91ac0000, 0x93000000, 0xa7000000)
  eden space 16640K, 0% used [0x91ac0000,0x91ac0000,0x92b00000)
  from space 2560K, 99% used [0x92d80000,0x92ffda20,0x93000000)
  to   space 2560K, 0% used [0x92b00000,0x92b00000,0x92d80000)
 ParOldGen       total 43776K, used 15928K [0x67000000, 0x69ac0000, 0x91ac0000)
  object space 43776K, 36% used [0x67000000,0x67f8e060,0x69ac0000)
 Metaspace       used 12797K, capacity 13305K, committed 13336K, reserved 13616K
}
Event: 13.234 GC heap before
{Heap before GC invocations=5 (full 0):
 PSYoungGen      total 19200K, used 19190K [0x91ac0000, 0x93000000, 0xa7000000)
  eden space 16640K, 100% used [0x91ac0000,0x92b00000,0x92b00000)
  from space 2560K, 99% used [0x92d80000,0x92ffda20,0x93000000)
  to   space 2560K, 0% used [0x92b00000,0x92b00000,0x92d80000)
 ParOldGen       total 43776K, used 15928K [0x67000000, 0x69ac0000, 0x91ac0000)
  object space 43776K, 36% used [0x67000000,0x67f8e060,0x69ac0000)
 Metaspace       used 12800K, capacity 13305K, committed 13336K, reserved 13616K
Event: 13.242 GC heap after
Heap after GC invocations=5 (full 0):
 PSYoungGen      total 18944K, used 2544K [0x91ac0000, 0x941c0000, 0xa7000000)
  eden space 16384K, 0% used [0x91ac0000,0x91ac0000,0x92ac0000)
  from space 2560K, 99% used [0x92b00000,0x92d7c230,0x92d80000)
  to   space 11776K, 0% used [0x93640000,0x93640000,0x941c0000)
 ParOldGen       total 43776K, used 16148K [0x67000000, 0x69ac0000, 0x91ac0000)
  object space 43776K, 36% used [0x67000000,0x67fc5060,0x69ac0000)
 Metaspace       used 12800K, capacity 13305K, committed 13336K, reserved 13616K
}
Event: 23.541 GC heap before
{Heap before GC invocations=6 (full 0):
 PSYoungGen      total 18944K, used 18928K [0x91ac0000, 0x941c0000, 0xa7000000)
  eden space 16384K, 100% used [0x91ac0000,0x92ac0000,0x92ac0000)
  from space 2560K, 99% used [0x92b00000,0x92d7c230,0x92d80000)
  to   space 11776K, 0% used [0x93640000,0x93640000,0x941c0000)
 ParOldGen       total 43776K, used 16148K [0x67000000, 0x69ac0000, 0x91ac0000)
  object space 43776K, 36% used [0x67000000,0x67fc5060,0x69ac0000)
 Metaspace       used 12800K, capacity 13305K, committed 13336K, reserved 13616K
Event: 23.551 GC heap after
Heap after GC invocations=6 (full 0):
 PSYoungGen      total 27136K, used 2582K [0x91ac0000, 0x94100000, 0xa7000000)
  eden space 16128K, 0% used [0x91ac0000,0x91ac0000,0x92a80000)
  from space 11008K, 23% used [0x93640000,0x938c5a20,0x94100000)
  to   space 11520K, 0% used [0x92a80000,0x92a80000,0x935c0000)
 ParOldGen       total 43776K, used 16148K [0x67000000, 0x69ac0000, 0x91ac0000)
  object space 43776K, 36% used [0x67000000,0x67fc5060,0x69ac0000)
 Metaspace       used 12800K, capacity 13305K, committed 13336K, reserved 13616K
}

